<Train---------------> [20230722-082054] [INFO]: Waiting for environment to fill memory...
<Train---------------> [20230722-082103] [INFO]: Training Start...
<Train---------------> [20230722-082104] [INFO]: Iteration 0, loss: 0.33855193853378296, avg_reward: -0.0013767087366431952, memory_size: 64, batch_size: 1
<Train---------------> [20230722-082104] [INFO]: Model saved to Checkpoints/20230722-082049//model_it0.pth at iteration 0
<Train---------------> [20230722-082147] [INFO]: Iteration 500, loss: -0.00900522992014885, avg_reward: 0.0039731706492602825, memory_size: 535, batch_size: 64
<Train---------------> [20230722-082240] [INFO]: Iteration 1000, loss: -0.012065444141626358, avg_reward: 0.06756160408258438, memory_size: 1134, batch_size: 64
<Train---------------> [20230722-082240] [INFO]: Model saved to Checkpoints/20230722-082049//model_it1000.pth at iteration 1000
<Train---------------> [20230722-082331] [INFO]: Iteration 1500, loss: -0.015352599322795868, avg_reward: -0.0003634462773334235, memory_size: 1715, batch_size: 64
<Train---------------> [20230722-082357] [INFO]: Saving memory...
<Train---------------> [20230722-082428] [INFO]: Iteration 2000, loss: -0.01024689432233572, avg_reward: -0.15730637311935425, memory_size: 2300, batch_size: 64
<Train---------------> [20230722-082428] [INFO]: Model saved to Checkpoints/20230722-082049//model_it2000.pth at iteration 2000
<Train---------------> [20230722-082519] [INFO]: Iteration 2500, loss: -0.01753908209502697, avg_reward: -0.0006770348409190774, memory_size: 2830, batch_size: 64
<Train---------------> [20230722-082611] [INFO]: Iteration 3000, loss: -0.01694849506020546, avg_reward: -0.000350768183125183, memory_size: 3365, batch_size: 64
<Train---------------> [20230722-082611] [INFO]: Model saved to Checkpoints/20230722-082049//model_it3000.pth at iteration 3000
<Train---------------> [20230722-082703] [INFO]: Iteration 3500, loss: -0.01445105578750372, avg_reward: -0.0005026404396630824, memory_size: 3906, batch_size: 64
<Train---------------> [20230722-082712] [INFO]: Saving memory...
<Train---------------> [20230722-082757] [INFO]: Iteration 4000, loss: -0.002746020443737507, avg_reward: -1.480004906654358, memory_size: 4470, batch_size: 64
<Train---------------> [20230722-082757] [INFO]: Model saved to Checkpoints/20230722-082049//model_it4000.pth at iteration 4000
<Train---------------> [20230722-082852] [INFO]: Iteration 4500, loss: -0.022307395935058594, avg_reward: 0.003118012333288789, memory_size: 5032, batch_size: 64
<Train---------------> [20230722-082944] [INFO]: Iteration 5000, loss: -0.018113601952791214, avg_reward: -0.0021952909883111715, memory_size: 5579, batch_size: 64
<Train---------------> [20230722-082944] [INFO]: Model saved to Checkpoints/20230722-082049//model_it5000.pth at iteration 5000
<Train---------------> [20230722-083025] [INFO]: Saving memory...
<Train---------------> [20230722-083040] [INFO]: Iteration 5500, loss: -0.01646805927157402, avg_reward: -0.024327104911208153, memory_size: 6136, batch_size: 64
<Train---------------> [20230722-083133] [INFO]: Iteration 6000, loss: -0.010730067268013954, avg_reward: 0.04414960741996765, memory_size: 6741, batch_size: 64
<Train---------------> [20230722-083133] [INFO]: Model saved to Checkpoints/20230722-082049//model_it6000.pth at iteration 6000
<Train---------------> [20230722-083226] [INFO]: Iteration 6500, loss: -0.030065743252635002, avg_reward: -0.14035291969776154, memory_size: 7334, batch_size: 64
<Train---------------> [20230722-083321] [INFO]: Iteration 7000, loss: -0.024827150627970695, avg_reward: 0.015455387532711029, memory_size: 7896, batch_size: 64
<Train---------------> [20230722-083321] [INFO]: Model saved to Checkpoints/20230722-082049//model_it7000.pth at iteration 7000
<Train---------------> [20230722-083331] [INFO]: Saving memory...
<Train---------------> [20230722-083415] [INFO]: Iteration 7500, loss: -0.018033603206276894, avg_reward: 0.06645777821540833, memory_size: 8000, batch_size: 64
<Train---------------> [20230722-083508] [INFO]: Iteration 8000, loss: -0.03661637753248215, avg_reward: -0.0022531303111463785, memory_size: 8000, batch_size: 64
<Train---------------> [20230722-083508] [INFO]: Model saved to Checkpoints/20230722-082049//model_it8000.pth at iteration 8000
<Train---------------> [20230722-083602] [INFO]: Iteration 8500, loss: -0.02907756343483925, avg_reward: -0.08218755573034286, memory_size: 8000, batch_size: 64
<Train---------------> [20230722-083643] [INFO]: Saving memory...
<Train---------------> [20230722-083657] [INFO]: Iteration 9000, loss: -0.02408994920551777, avg_reward: 0.07510091364383698, memory_size: 8000, batch_size: 64
<Train---------------> [20230722-083657] [INFO]: Model saved to Checkpoints/20230722-082049//model_it9000.pth at iteration 9000
<Train---------------> [20230722-083751] [INFO]: Iteration 9500, loss: -0.0322532132267952, avg_reward: -0.23962967097759247, memory_size: 8000, batch_size: 64
<Train---------------> [20230722-083843] [INFO]: Iteration 10000, loss: -0.050904761999845505, avg_reward: 0.020146599039435387, memory_size: 8000, batch_size: 64
<Train---------------> [20230722-083843] [INFO]: Model saved to Checkpoints/20230722-082049//model_it10000.pth at iteration 10000
<Train---------------> [20230722-083935] [INFO]: Iteration 10500, loss: -0.02615184709429741, avg_reward: 0.025690028443932533, memory_size: 8000, batch_size: 64
<Train---------------> [20230722-083954] [INFO]: Saving memory...
<Train---------------> [20230722-084031] [INFO]: Iteration 11000, loss: -0.027299273759126663, avg_reward: 0.023900406435132027, memory_size: 8000, batch_size: 64
<Train---------------> [20230722-084031] [INFO]: Model saved to Checkpoints/20230722-082049//model_it11000.pth at iteration 11000
<Train---------------> [20230722-084124] [INFO]: Iteration 11500, loss: -0.03114497847855091, avg_reward: 0.046883631497621536, memory_size: 8000, batch_size: 64
<Train---------------> [20230722-084215] [INFO]: Iteration 12000, loss: -0.033464763313531876, avg_reward: -0.44874221086502075, memory_size: 8000, batch_size: 64
<Train---------------> [20230722-084215] [INFO]: Model saved to Checkpoints/20230722-082049//model_it12000.pth at iteration 12000
<Train---------------> [20230722-084305] [INFO]: Saving memory...
<Train---------------> [20230722-084310] [INFO]: Iteration 12500, loss: -0.03440016135573387, avg_reward: -0.0017019461374729872, memory_size: 8000, batch_size: 64
<Train---------------> [20230722-084402] [INFO]: Iteration 13000, loss: -0.029839610680937767, avg_reward: -0.06418592482805252, memory_size: 8000, batch_size: 64
<Train---------------> [20230722-084403] [INFO]: Model saved to Checkpoints/20230722-082049//model_it13000.pth at iteration 13000
<Train---------------> [20230722-084454] [INFO]: Iteration 13500, loss: -0.03558367118239403, avg_reward: 0.08381778746843338, memory_size: 8000, batch_size: 64
<Train---------------> [20230722-084549] [INFO]: Iteration 14000, loss: -0.03210034966468811, avg_reward: -0.0002831922029145062, memory_size: 8000, batch_size: 64
<Train---------------> [20230722-084549] [INFO]: Model saved to Checkpoints/20230722-082049//model_it14000.pth at iteration 14000
<Train---------------> [20230722-084604] [INFO]: Saving memory...
<Train---------------> [20230722-084644] [INFO]: Iteration 14500, loss: -0.04109970107674599, avg_reward: 0.01631424017250538, memory_size: 8000, batch_size: 64
<Train---------------> [20230722-084646] [INFO]: Training End...
