<Train---------------> [20230722-093246] [INFO]: Waiting for environment to fill memory...
<Train---------------> [20230722-093256] [INFO]: Training Start...
<Train---------------> [20230722-093258] [INFO]: Iteration 0, loss: 1.5612410306930542, avg_reward: 0.08539887517690659, memory_size: 64, batch_size: 1
<Train---------------> [20230722-093258] [INFO]: Model saved to Checkpoints/20230722-093241//model_it0.pth at iteration 0
<Train---------------> [20230722-093342] [INFO]: Iteration 500, loss: -0.02799249440431595, avg_reward: 0.0004453295550774783, memory_size: 533, batch_size: 64
<Train---------------> [20230722-093439] [INFO]: Iteration 1000, loss: -0.015720242634415627, avg_reward: 0.002145667327567935, memory_size: 1127, batch_size: 64
<Train---------------> [20230722-093439] [INFO]: Model saved to Checkpoints/20230722-093241//model_it1000.pth at iteration 1000
<Train---------------> [20230722-093532] [INFO]: Iteration 1500, loss: -0.01958150789141655, avg_reward: 0.0015534344129264355, memory_size: 1667, batch_size: 64
<Train---------------> [20230722-093603] [INFO]: Saving memory...
<Train---------------> [20230722-093627] [INFO]: Iteration 2000, loss: -0.019063398241996765, avg_reward: 0.0018168591195717454, memory_size: 2260, batch_size: 64
<Train---------------> [20230722-093627] [INFO]: Model saved to Checkpoints/20230722-093241//model_it2000.pth at iteration 2000
<Train---------------> [20230722-093723] [INFO]: Iteration 2500, loss: -0.02609647437930107, avg_reward: -0.5896215438842773, memory_size: 2836, batch_size: 64
<Train---------------> [20230722-093820] [INFO]: Iteration 3000, loss: -0.018785804510116577, avg_reward: -0.02356427162885666, memory_size: 3468, batch_size: 64
<Train---------------> [20230722-093820] [INFO]: Model saved to Checkpoints/20230722-093241//model_it3000.pth at iteration 3000
<Train---------------> [20230722-093910] [INFO]: Saving memory...
<Train---------------> [20230722-093915] [INFO]: Iteration 3500, loss: -0.01891813799738884, avg_reward: 0.0006090266397222877, memory_size: 4044, batch_size: 64
<Train---------------> [20230722-094012] [INFO]: Iteration 4000, loss: -0.01852435991168022, avg_reward: 0.000267509080003947, memory_size: 4615, batch_size: 64
<Train---------------> [20230722-094012] [INFO]: Model saved to Checkpoints/20230722-093241//model_it4000.pth at iteration 4000
<Train---------------> [20230722-094105] [INFO]: Iteration 4500, loss: -0.02621118538081646, avg_reward: 0.0007587008294649422, memory_size: 5156, batch_size: 64
<Train---------------> [20230722-094200] [INFO]: Iteration 5000, loss: -0.02025309018790722, avg_reward: -0.0017986622406169772, memory_size: 5721, batch_size: 64
<Train---------------> [20230722-094200] [INFO]: Model saved to Checkpoints/20230722-093241//model_it5000.pth at iteration 5000
<Train---------------> [20230722-094226] [INFO]: Saving memory...
<Train---------------> [20230722-094257] [INFO]: Iteration 5500, loss: -0.005020244047045708, avg_reward: 0.016667883843183517, memory_size: 6311, batch_size: 64
<Train---------------> [20230722-094350] [INFO]: Iteration 6000, loss: -0.005288800690323114, avg_reward: 0.033480096608400345, memory_size: 6862, batch_size: 64
<Train---------------> [20230722-094350] [INFO]: Model saved to Checkpoints/20230722-093241//model_it6000.pth at iteration 6000
<Train---------------> [20230722-094449] [INFO]: Iteration 6500, loss: -0.01184588111937046, avg_reward: 0.00033004212309606373, memory_size: 7457, batch_size: 64
<Train---------------> [20230722-094542] [INFO]: Saving memory...
<Train---------------> [20230722-094550] [INFO]: Iteration 7000, loss: -0.017911383882164955, avg_reward: -0.0004378540033940226, memory_size: 8000, batch_size: 64
<Train---------------> [20230722-094550] [INFO]: Model saved to Checkpoints/20230722-093241//model_it7000.pth at iteration 7000
<Train---------------> [20230722-094641] [INFO]: Iteration 7500, loss: -0.014166219159960747, avg_reward: -0.0008283948409371078, memory_size: 8000, batch_size: 64
<Train---------------> [20230722-094733] [INFO]: Iteration 8000, loss: -0.013517355546355247, avg_reward: -0.0016899746842682362, memory_size: 8000, batch_size: 64
<Train---------------> [20230722-094733] [INFO]: Model saved to Checkpoints/20230722-093241//model_it8000.pth at iteration 8000
<Train---------------> [20230722-094828] [INFO]: Iteration 8500, loss: -0.01290147379040718, avg_reward: 0.03278641775250435, memory_size: 8000, batch_size: 64
<Train---------------> [20230722-094856] [INFO]: Saving memory...
<Train---------------> [20230722-094926] [INFO]: Iteration 9000, loss: -0.013552694581449032, avg_reward: 0.027857134118676186, memory_size: 8000, batch_size: 64
<Train---------------> [20230722-094926] [INFO]: Model saved to Checkpoints/20230722-093241//model_it9000.pth at iteration 9000
<Train---------------> [20230722-095019] [INFO]: Iteration 9500, loss: -0.012116365134716034, avg_reward: -0.00089597626356408, memory_size: 8000, batch_size: 64
<Train---------------> [20230722-095114] [INFO]: Iteration 10000, loss: -0.02550264075398445, avg_reward: 0.017825976014137268, memory_size: 8000, batch_size: 64
<Train---------------> [20230722-095114] [INFO]: Model saved to Checkpoints/20230722-093241//model_it10000.pth at iteration 10000
<Train---------------> [20230722-095207] [INFO]: Iteration 10500, loss: -0.01453262660652399, avg_reward: -0.28415152430534363, memory_size: 8000, batch_size: 64
<Train---------------> [20230722-095209] [INFO]: Saving memory...
<Train---------------> [20230722-095301] [INFO]: Iteration 11000, loss: -0.003387752454727888, avg_reward: 0.0183398574590683, memory_size: 8000, batch_size: 64
<Train---------------> [20230722-095301] [INFO]: Model saved to Checkpoints/20230722-093241//model_it11000.pth at iteration 11000
<Train---------------> [20230722-095356] [INFO]: Iteration 11500, loss: -0.01686703972518444, avg_reward: 0.054601769894361496, memory_size: 8000, batch_size: 64
<Train---------------> [20230722-095450] [INFO]: Iteration 12000, loss: -0.02638968452811241, avg_reward: -0.005410296842455864, memory_size: 8000, batch_size: 64
<Train---------------> [20230722-095450] [INFO]: Model saved to Checkpoints/20230722-093241//model_it12000.pth at iteration 12000
<Train---------------> [20230722-095521] [INFO]: Saving memory...
<Train---------------> [20230722-095545] [INFO]: Iteration 12500, loss: -0.018328847363591194, avg_reward: -1.903996229171753, memory_size: 8000, batch_size: 64
<Train---------------> [20230722-095636] [INFO]: Iteration 13000, loss: -0.01037604920566082, avg_reward: -0.005084767937660217, memory_size: 8000, batch_size: 64
<Train---------------> [20230722-095636] [INFO]: Model saved to Checkpoints/20230722-093241//model_it13000.pth at iteration 13000
<Train---------------> [20230722-095730] [INFO]: Iteration 13500, loss: -0.013624356128275394, avg_reward: 0.024460747838020325, memory_size: 8000, batch_size: 64
<Train---------------> [20230722-095823] [INFO]: Iteration 14000, loss: -0.02568487636744976, avg_reward: 0.0011453977786004543, memory_size: 8000, batch_size: 64
<Train---------------> [20230722-095823] [INFO]: Model saved to Checkpoints/20230722-093241//model_it14000.pth at iteration 14000
<Train---------------> [20230722-095839] [INFO]: Saving memory...
<Train---------------> [20230722-095919] [INFO]: Iteration 14500, loss: -0.022548377513885498, avg_reward: -6.754488276783377e-05, memory_size: 8000, batch_size: 64
<Train---------------> [20230722-100011] [INFO]: Iteration 15000, loss: -0.017937831580638885, avg_reward: -0.0013146178098395467, memory_size: 8000, batch_size: 64
<Train---------------> [20230722-100011] [INFO]: Model saved to Checkpoints/20230722-093241//model_it15000.pth at iteration 15000
<Train---------------> [20230722-100104] [INFO]: Iteration 15500, loss: -0.0072967070154845715, avg_reward: 0.08130002021789551, memory_size: 8000, batch_size: 64
<Train---------------> [20230722-100154] [INFO]: Saving memory...
<Train---------------> [20230722-100200] [INFO]: Iteration 16000, loss: -0.018913807347416878, avg_reward: 0.0017660909797996283, memory_size: 8000, batch_size: 64
<Train---------------> [20230722-100200] [INFO]: Model saved to Checkpoints/20230722-093241//model_it16000.pth at iteration 16000
<Train---------------> [20230722-100252] [INFO]: Iteration 16500, loss: -0.01880006492137909, avg_reward: -0.0012880503199994564, memory_size: 8000, batch_size: 64
<Train---------------> [20230722-100348] [INFO]: Iteration 17000, loss: -0.017921505495905876, avg_reward: 0.003377371234819293, memory_size: 8000, batch_size: 64
<Train---------------> [20230722-100348] [INFO]: Model saved to Checkpoints/20230722-093241//model_it17000.pth at iteration 17000
<Train---------------> [20230722-100440] [INFO]: Iteration 17500, loss: -0.021980181336402893, avg_reward: 0.06168096140027046, memory_size: 8000, batch_size: 64
<Train---------------> [20230722-100509] [INFO]: Saving memory...
<Train---------------> [20230722-100535] [INFO]: Iteration 18000, loss: -0.023463120684027672, avg_reward: 0.0008519699913449585, memory_size: 8000, batch_size: 64
<Train---------------> [20230722-100535] [INFO]: Model saved to Checkpoints/20230722-093241//model_it18000.pth at iteration 18000
<Train---------------> [20230722-100625] [INFO]: Iteration 18500, loss: -0.013322483748197556, avg_reward: -0.0015756275970488787, memory_size: 8000, batch_size: 64
<Train---------------> [20230722-100717] [INFO]: Iteration 19000, loss: -0.01450802106410265, avg_reward: -0.0005139030399732292, memory_size: 8000, batch_size: 64
<Train---------------> [20230722-100717] [INFO]: Model saved to Checkpoints/20230722-093241//model_it19000.pth at iteration 19000
<Train---------------> [20230722-100810] [INFO]: Iteration 19500, loss: -0.022104742005467415, avg_reward: 0.024210650473833084, memory_size: 8000, batch_size: 64
<Train---------------> [20230722-100825] [INFO]: Saving memory...
<Train---------------> [20230722-100906] [INFO]: Iteration 20000, loss: -0.02431822381913662, avg_reward: -0.0007603660342283547, memory_size: 8000, batch_size: 64
<Train---------------> [20230722-100906] [INFO]: Model saved to Checkpoints/20230722-093241//model_it20000.pth at iteration 20000
<Train---------------> [20230722-101003] [INFO]: Iteration 20500, loss: -0.008555097505450249, avg_reward: -0.00010426530934637412, memory_size: 8000, batch_size: 64
<Train---------------> [20230722-101057] [INFO]: Iteration 21000, loss: -0.02590136229991913, avg_reward: -0.020560193806886673, memory_size: 8000, batch_size: 64
<Train---------------> [20230722-101057] [INFO]: Model saved to Checkpoints/20230722-093241//model_it21000.pth at iteration 21000
<Train---------------> [20230722-101140] [INFO]: Saving memory...
<Train---------------> [20230722-101154] [INFO]: Iteration 21500, loss: -0.013211432844400406, avg_reward: 0.0013041496276855469, memory_size: 8000, batch_size: 64
<Train---------------> [20230722-101205] [INFO]: Training End...
